<?xml version="1.0" encoding="UTF-8"?>
<!-- Generated by org.testng.reporters.JUnitReportReporter -->
<testsuite hostname="WUST" failures="0" tests="1" name="testng_automation_code_feb_7th_2023.Amazon" time="4.763" errors="0" timestamp="2023-02-22T18:04:47 EST" skipped="0">
  <testcase classname="testng_automation_code_feb_7th_2023.Amazon" name="amazonTest" time="4.763"/>
  <system-out/>
</testsuite> <!-- testng_automation_code_feb_7th_2023.Amazon -->
