<?xml version="1.0" encoding="UTF-8"?>
<!-- Generated by org.testng.reporters.JUnitReportReporter -->
<testsuite hostname="WUST" failures="0" tests="1" name="testng_automation_code_mar_1st_2023.Login" time="0.001" errors="0" timestamp="2023-03-01T18:35:48 EST" skipped="0">
  <testcase classname="testng_automation_code_mar_1st_2023.Login" name="loginTest" time="0.001"/>
  <system-out/>
</testsuite> <!-- testng_automation_code_mar_1st_2023.Login -->
