<?xml version="1.0" encoding="UTF-8"?>
<!-- Generated by org.testng.reporters.JUnitReportReporter -->
<testsuite hostname="WUST" failures="0" tests="1" name="testng_prodenv.LoginProdTest" time="0.000" errors="0" timestamp="2023-03-01T21:29:45 EST" skipped="0">
  <testcase classname="testng_prodenv.LoginProdTest" name="loginCriteria" time="0.000"/>
  <system-out/>
</testsuite> <!-- testng_prodenv.LoginProdTest -->
