<?xml version="1.0" encoding="UTF-8"?>
<!-- Generated by org.testng.reporters.JUnitReportReporter -->
<testsuite hostname="WUST" failures="0" tests="1" name="automation_code_feb_21st_2023.WaitConditions_Selenium" time="6.377" errors="0" timestamp="2023-02-21T19:17:15 EST" skipped="0">
  <testcase classname="automation_code_feb_21st_2023.WaitConditions_Selenium" name="ninjaWait" time="6.377"/>
  <system-out/>
</testsuite> <!-- automation_code_feb_21st_2023.WaitConditions_Selenium -->
