<?xml version="1.0" encoding="UTF-8"?>
<!-- Generated by org.testng.reporters.JUnitReportReporter -->
<testsuite hostname="WUST" failures="0" tests="1" name="testng_automation_code_mar_1st_2023.RediffParameterization" time="9.570" errors="0" timestamp="2023-03-01T18:55:06 EST" skipped="0">
  <testcase classname="testng_automation_code_mar_1st_2023.RediffParameterization" name="rediffTest" time="9.570"/>
  <system-out/>
</testsuite> <!-- testng_automation_code_mar_1st_2023.RediffParameterization -->
