<?xml version="1.0" encoding="UTF-8"?>
<!-- Generated by org.testng.reporters.JUnitReportReporter -->
<testsuite hostname="WUST" failures="0" tests="4" name="testng_DATA_DRIVEN_TESTING_feb_22nd_2023.Ninja_TooMuchData" time="22.333" errors="0" timestamp="2023-02-22T19:15:52 EST" skipped="0">
  <testcase classname="testng_DATA_DRIVEN_TESTING_feb_22nd_2023.Ninja_TooMuchData" name="loginAllTest" time="5.311"/>
  <system-out/>
  <testcase classname="testng_DATA_DRIVEN_TESTING_feb_22nd_2023.Ninja_TooMuchData" name="loginAllTest" time="6.614"/>
  <system-out/>
  <testcase classname="testng_DATA_DRIVEN_TESTING_feb_22nd_2023.Ninja_TooMuchData" name="loginAllTest" time="5.315"/>
  <system-out/>
  <testcase classname="testng_DATA_DRIVEN_TESTING_feb_22nd_2023.Ninja_TooMuchData" name="loginAllTest" time="5.093"/>
  <system-out/>
</testsuite> <!-- testng_DATA_DRIVEN_TESTING_feb_22nd_2023.Ninja_TooMuchData -->
