<?xml version="1.0" encoding="UTF-8"?>
<!-- Generated by org.testng.reporters.JUnitReportReporter -->
<testsuite hostname="WUST" failures="0" tests="16" name="testng_automation_code_mar_1st_2023.ParallelConcepts" time="0.175" errors="0" timestamp="2023-03-01T20:43:38 EST" skipped="0">
  <testcase classname="testng_automation_code_mar_1st_2023.ParallelConcepts" name="testCase3" time="0.012"/>
  <system-out/>
  <testcase classname="testng_automation_code_mar_1st_2023.ParallelConcepts" name="testCase3" time="0.013"/>
  <system-out/>
  <testcase classname="testng_automation_code_mar_1st_2023.ParallelConcepts" name="testCase4" time="0.013"/>
  <system-out/>
  <testcase classname="testng_automation_code_mar_1st_2023.ParallelConcepts" name="testCase1" time="0.011"/>
  <system-out/>
  <testcase classname="testng_automation_code_mar_1st_2023.ParallelConcepts" name="testCase3" time="0.006"/>
  <system-out/>
  <testcase classname="testng_automation_code_mar_1st_2023.ParallelConcepts" name="testCase4" time="0.005"/>
  <system-out/>
  <testcase classname="testng_automation_code_mar_1st_2023.ParallelConcepts" name="testCase4" time="0.012"/>
  <system-out/>
  <testcase classname="testng_automation_code_mar_1st_2023.ParallelConcepts" name="testCase1" time="0.007"/>
  <system-out/>
  <testcase classname="testng_automation_code_mar_1st_2023.ParallelConcepts" name="testCase1" time="0.014"/>
  <system-out/>
  <testcase classname="testng_automation_code_mar_1st_2023.ParallelConcepts" name="testCase2" time="0.012"/>
  <system-out/>
  <testcase classname="testng_automation_code_mar_1st_2023.ParallelConcepts" name="testCase1" time="0.014"/>
  <system-out/>
  <testcase classname="testng_automation_code_mar_1st_2023.ParallelConcepts" name="testCase2" time="0.012"/>
  <system-out/>
  <testcase classname="testng_automation_code_mar_1st_2023.ParallelConcepts" name="testCase2" time="0.012"/>
  <system-out/>
  <testcase classname="testng_automation_code_mar_1st_2023.ParallelConcepts" name="testCase4" time="0.015"/>
  <system-out/>
  <testcase classname="testng_automation_code_mar_1st_2023.ParallelConcepts" name="testCase3" time="0.012"/>
  <system-out/>
  <testcase classname="testng_automation_code_mar_1st_2023.ParallelConcepts" name="testCase2" time="0.005"/>
  <system-out/>
</testsuite> <!-- testng_automation_code_mar_1st_2023.ParallelConcepts -->
