<?xml version="1.0" encoding="UTF-8"?>
<!-- Generated by org.testng.reporters.JUnitReportReporter -->
<testsuite hostname="WUST" failures="0" tests="4" name="testng_DATA_DRIVEN_TESTING_feb_22nd_2023.Ninja_University" time="22.763" errors="0" timestamp="2023-02-22T19:11:35 EST" skipped="0">
  <testcase classname="testng_DATA_DRIVEN_TESTING_feb_22nd_2023.Ninja_University" name="loginAllTest" time="5.231"/>
  <system-out/>
  <testcase classname="testng_DATA_DRIVEN_TESTING_feb_22nd_2023.Ninja_University" name="loginAllTest" time="5.379"/>
  <system-out/>
  <testcase classname="testng_DATA_DRIVEN_TESTING_feb_22nd_2023.Ninja_University" name="loginAllTest" time="6.642"/>
  <system-out/>
  <testcase classname="testng_DATA_DRIVEN_TESTING_feb_22nd_2023.Ninja_University" name="loginAllTest" time="5.511"/>
  <system-out/>
</testsuite> <!-- testng_DATA_DRIVEN_TESTING_feb_22nd_2023.Ninja_University -->
