<?xml version="1.0" encoding="UTF-8"?>
<!-- Generated by org.testng.reporters.JUnitReportReporter -->
<testsuite hostname="WUST" failures="0" tests="2" name="testng_why_use_ObjectArray_feb_22nd_2023.SampleTest" time="0.009" errors="0" timestamp="2023-02-22T21:10:55 EST" skipped="0">
  <testcase classname="testng_why_use_ObjectArray_feb_22nd_2023.SampleTest" name="sampleTest" time="0.000"/>
  <system-out/>
  <testcase classname="testng_why_use_ObjectArray_feb_22nd_2023.SampleTest" name="sampleTest" time="0.009"/>
  <system-out/>
</testsuite> <!-- testng_why_use_ObjectArray_feb_22nd_2023.SampleTest -->
