<?xml version="1.0" encoding="UTF-8"?>
<!-- Generated by org.testng.reporters.JUnitReportReporter -->
<testsuite hostname="WUST" failures="0" tests="3" name="testng_automation_code_feb_21st_2023.DataProviderConcepts" time="0.009" errors="0" timestamp="2023-02-21T22:25:21 EST" skipped="0">
  <testcase classname="testng_automation_code_feb_21st_2023.DataProviderConcepts" name="sampleTest" time="0.001"/>
  <system-out/>
  <testcase classname="testng_automation_code_feb_21st_2023.DataProviderConcepts" name="sampleTest" time="0.000"/>
  <system-out/>
  <testcase classname="testng_automation_code_feb_21st_2023.DataProviderConcepts" name="sampleTest" time="0.008"/>
  <system-out/>
</testsuite> <!-- testng_automation_code_feb_21st_2023.DataProviderConcepts -->
