<?xml version="1.0" encoding="UTF-8"?>
<!-- Generated by org.testng.reporters.JUnitReportReporter -->
<testsuite hostname="WUST" failures="0" tests="1" name="testng_automation_code_mar_1st_2023.Registration" time="0.008" errors="0" timestamp="2023-03-01T18:35:48 EST" skipped="0">
  <testcase classname="testng_automation_code_mar_1st_2023.Registration" name="registerTest" time="0.008"/>
  <system-out/>
</testsuite> <!-- testng_automation_code_mar_1st_2023.Registration -->
