<?xml version="1.0" encoding="UTF-8"?>
<!-- Generated by org.testng.reporters.JUnitReportReporter -->
<testsuite hostname="WUST" failures="0" tests="3" name="testng_automation_code_mar_1st_2023.Understanding_Groups" time="0.007" errors="0" timestamp="2023-03-01T21:17:12 EST" skipped="0">
  <testcase classname="testng_automation_code_mar_1st_2023.Understanding_Groups" name="testcase2" time="0.001"/>
  <system-out/>
  <testcase classname="testng_automation_code_mar_1st_2023.Understanding_Groups" name="testCase4" time="0.005"/>
  <system-out/>
  <testcase classname="testng_automation_code_mar_1st_2023.Understanding_Groups" name="testcase1" time="0.001"/>
  <system-out/>
</testsuite> <!-- testng_automation_code_mar_1st_2023.Understanding_Groups -->
