<?xml version="1.0" encoding="UTF-8"?>
<!-- Generated by org.testng.reporters.JUnitReportReporter -->
<testsuite hostname="WUST" failures="0" tests="1" name="testng_automation_code_feb_7th_2023.Flipkart" time="6.960" errors="0" timestamp="2023-02-22T18:04:47 EST" skipped="0">
  <testcase classname="testng_automation_code_feb_7th_2023.Flipkart" name="flipkartTest" time="6.960"/>
  <system-out/>
</testsuite> <!-- testng_automation_code_feb_7th_2023.Flipkart -->
