<?xml version="1.0" encoding="UTF-8"?>
<!-- Generated by org.testng.reporters.JUnitReportReporter -->
<testsuite hostname="WUST" failures="0" tests="4" name="testng_DataProvider_SeparateClass_feb_22nd_2023.Ninja_University" time="21.513" errors="0" timestamp="2023-02-22T19:20:34 EST" skipped="0">
  <testcase classname="testng_DataProvider_SeparateClass_feb_22nd_2023.Ninja_University" name="loginAllTest" time="5.011"/>
  <system-out/>
  <testcase classname="testng_DataProvider_SeparateClass_feb_22nd_2023.Ninja_University" name="loginAllTest" time="5.021"/>
  <system-out/>
  <testcase classname="testng_DataProvider_SeparateClass_feb_22nd_2023.Ninja_University" name="loginAllTest" time="6.374"/>
  <system-out/>
  <testcase classname="testng_DataProvider_SeparateClass_feb_22nd_2023.Ninja_University" name="loginAllTest" time="5.107"/>
  <system-out/>
</testsuite> <!-- testng_DataProvider_SeparateClass_feb_22nd_2023.Ninja_University -->
