<?xml version="1.0" encoding="UTF-8"?>
<!-- Generated by org.testng.reporters.JUnitReportReporter -->
<testsuite hostname="WUST" failures="0" tests="1" name="testng_testenv.RegisterTest" time="0.002" errors="0" timestamp="2023-03-01T21:29:45 EST" skipped="0">
  <testcase classname="testng_testenv.RegisterTest" name="registerCriteria" time="0.002"/>
  <system-out/>
</testsuite> <!-- testng_testenv.RegisterTest -->
