<?xml version="1.0" encoding="UTF-8"?>
<!-- Generated by org.testng.reporters.JUnitReportReporter -->
<testsuite hostname="WUST" failures="0" tests="1" name="testng_uatenv.ProdSearchUatTest" time="0.001" errors="0" timestamp="2023-03-01T21:29:45 EST" skipped="0">
  <testcase classname="testng_uatenv.ProdSearchUatTest" name="prodSearchCriteria" time="0.001"/>
  <system-out/>
</testsuite> <!-- testng_uatenv.ProdSearchUatTest -->
