<?xml version="1.0" encoding="UTF-8"?>
<!-- Generated by org.testng.reporters.JUnitReportReporter -->
<testsuite hostname="WUST" failures="0" tests="2" name="automation_code_feb_21st_2023.Windows_Tabs" time="21.180" errors="0" timestamp="2023-02-21T19:40:24 EST" skipped="0">
  <testcase classname="automation_code_feb_21st_2023.Windows_Tabs" name="openTabs" time="10.935"/>
  <system-out/>
  <testcase classname="automation_code_feb_21st_2023.Windows_Tabs" name="openWindows" time="10.245"/>
  <system-out/>
</testsuite> <!-- automation_code_feb_21st_2023.Windows_Tabs -->
